mode: atomic
example.com/containeredu/internal/images/import.go:23.54,24.43 1 1
example.com/containeredu/internal/images/import.go:24.43,26.3 1 0
example.com/containeredu/internal/images/import.go:27.2,28.16 2 1
example.com/containeredu/internal/images/import.go:28.16,30.3 1 0
example.com/containeredu/internal/images/import.go:31.2,37.52 6 1
example.com/containeredu/internal/images/import.go:37.52,39.3 1 0
example.com/containeredu/internal/images/import.go:40.2,40.6 1 1
example.com/containeredu/internal/images/import.go:40.6,42.20 2 3
example.com/containeredu/internal/images/import.go:42.20,43.9 1 1
example.com/containeredu/internal/images/import.go:45.3,45.17 1 2
example.com/containeredu/internal/images/import.go:45.17,47.4 1 0
example.com/containeredu/internal/images/import.go:48.3,49.23 2 2
example.com/containeredu/internal/images/import.go:50.34,51.67 1 2
example.com/containeredu/internal/images/import.go:51.67,53.5 1 0
example.com/containeredu/internal/images/import.go:54.4,55.18 2 2
example.com/containeredu/internal/images/import.go:55.18,57.5 1 0
example.com/containeredu/internal/images/import.go:58.4,58.46 1 2
example.com/containeredu/internal/images/import.go:58.46,61.5 2 0
example.com/containeredu/internal/images/import.go:62.4,62.15 1 2
example.com/containeredu/internal/images/import.go:63.20,64.53 1 0
example.com/containeredu/internal/images/import.go:64.53,66.5 1 0
example.com/containeredu/internal/images/import.go:67.11,67.11 0 0
example.com/containeredu/internal/images/import.go:71.2,72.16 2 1
example.com/containeredu/internal/images/import.go:72.16,74.3 1 0
example.com/containeredu/internal/images/import.go:75.2,75.65 1 1
example.com/containeredu/internal/images/import.go:75.65,77.3 1 0
example.com/containeredu/internal/images/import.go:78.2,78.24 1 1
example.com/containeredu/internal/images/import.go:78.24,80.3 1 0
example.com/containeredu/internal/images/import.go:81.2,84.55 4 1
example.com/containeredu/internal/images/import.go:84.55,86.3 1 0
example.com/containeredu/internal/images/import.go:87.2,87.33 1 1
example.com/containeredu/internal/images/import.go:87.33,90.49 3 1
example.com/containeredu/internal/images/import.go:90.49,92.4 1 0
example.com/containeredu/internal/images/import.go:93.3,93.46 1 1
example.com/containeredu/internal/images/import.go:93.46,95.4 1 0
example.com/containeredu/internal/images/import.go:97.2,105.96 3 1
example.com/containeredu/internal/images/import.go:105.96,107.3 1 0
example.com/containeredu/internal/images/import.go:108.2,109.12 2 1
example.com/containeredu/internal/images/import.go:112.46,114.16 2 1
example.com/containeredu/internal/images/import.go:114.16,116.3 1 0
example.com/containeredu/internal/images/import.go:117.2,119.6 3 1
example.com/containeredu/internal/images/import.go:119.6,121.20 2 2
example.com/containeredu/internal/images/import.go:121.20,122.9 1 1
example.com/containeredu/internal/images/import.go:124.3,124.17 1 1
example.com/containeredu/internal/images/import.go:124.17,126.4 1 0
example.com/containeredu/internal/images/import.go:127.3,128.23 2 1
example.com/containeredu/internal/images/import.go:129.34,130.67 1 1
example.com/containeredu/internal/images/import.go:130.67,132.5 1 0
example.com/containeredu/internal/images/import.go:133.4,134.18 2 1
example.com/containeredu/internal/images/import.go:134.18,136.5 1 0
example.com/containeredu/internal/images/import.go:137.4,137.46 1 1
example.com/containeredu/internal/images/import.go:137.46,140.5 2 0
example.com/containeredu/internal/images/import.go:141.4,141.66 1 1
example.com/containeredu/internal/images/import.go:141.66,144.5 2 0
example.com/containeredu/internal/images/import.go:145.4,145.15 1 1
example.com/containeredu/internal/images/import.go:146.20,147.69 1 0
example.com/containeredu/internal/images/import.go:147.69,149.5 1 0
example.com/containeredu/internal/images/import.go:150.24,151.67 1 0
example.com/containeredu/internal/images/import.go:151.67,153.5 1 0
example.com/containeredu/internal/images/import.go:154.4,154.79 1 0
example.com/containeredu/internal/images/import.go:154.79,156.5 1 0
example.com/containeredu/internal/images/import.go:157.11,157.11 0 0
example.com/containeredu/internal/images/import.go:161.2,161.12 1 1
