mode: atomic
example.com/containeredu/internal/paths/paths.go:8.24,10.16 2 7
example.com/containeredu/internal/paths/paths.go:10.16,12.3 1 0
example.com/containeredu/internal/paths/paths.go:13.2,13.55 1 7
example.com/containeredu/internal/paths/paths.go:16.26,18.2 1 2
example.com/containeredu/internal/paths/paths.go:20.30,22.2 1 2
example.com/containeredu/internal/paths/paths.go:24.25,26.25 2 1
example.com/containeredu/internal/paths/paths.go:26.25,27.47 1 3
example.com/containeredu/internal/paths/paths.go:27.47,29.4 1 0
example.com/containeredu/internal/paths/paths.go:31.2,31.12 1 1
