mode: atomic
example.com/containeredu/tools/covermerge/main.go:10.13,11.22 1 1
example.com/containeredu/tools/covermerge/main.go:11.22,14.3 2 0
example.com/containeredu/tools/covermerge/main.go:15.2,17.35 3 1
example.com/containeredu/tools/covermerge/main.go:17.35,19.17 2 2
example.com/containeredu/tools/covermerge/main.go:19.17,22.4 2 0
example.com/containeredu/tools/covermerge/main.go:23.3,24.17 2 2
example.com/containeredu/tools/covermerge/main.go:24.17,26.40 2 4
example.com/containeredu/tools/covermerge/main.go:26.40,27.19 1 2
example.com/containeredu/tools/covermerge/main.go:27.19,29.6 1 1
example.com/containeredu/tools/covermerge/main.go:30.5,30.13 1 2
example.com/containeredu/tools/covermerge/main.go:32.4,33.23 2 2
example.com/containeredu/tools/covermerge/main.go:33.23,34.13 1 2
example.com/containeredu/tools/covermerge/main.go:36.4,39.18 4 0
example.com/containeredu/tools/covermerge/main.go:41.3,41.12 1 2
example.com/containeredu/tools/covermerge/main.go:43.2,44.25 2 1
example.com/containeredu/tools/covermerge/main.go:44.25,46.3 1 0
